[debug] [2022-10-08T03:00:19.061Z] ----------------------------------------------------------------------
[debug] [2022-10-08T03:00:19.062Z] Command:       C:\Program Files\nodejs\node.exe C:\Users\masterofdoom\AppData\Roaming\npm\node_modules\firebase-tools\lib\bin\firebase.js init
[debug] [2022-10-08T03:00:19.063Z] CLI Version:   11.14.1
[debug] [2022-10-08T03:00:19.063Z] Platform:      win32
[debug] [2022-10-08T03:00:19.063Z] Node Version:  v16.16.0
[debug] [2022-10-08T03:00:19.064Z] Time:          Sat Oct 08 2022 14:00:19 GMT+1100 (Australian Eastern Daylight Time)
[debug] [2022-10-08T03:00:19.064Z] ----------------------------------------------------------------------
[debug] 
[debug] [2022-10-08T03:00:19.068Z] >>> [apiv2][query] GET https://firebase-public.firebaseio.com/cli.json [none]
[debug] [2022-10-08T03:00:19.088Z] > command requires scopes: ["email","openid","https://www.googleapis.com/auth/cloudplatformprojects.readonly","https://www.googleapis.com/auth/firebase","https://www.googleapis.com/auth/cloud-platform"]
[debug] [2022-10-08T03:00:19.088Z] > authorizing via signed-in user (ultimatedominatingmasterofdoom@gmail.com)
[info] 
     ######## #### ########  ######## ########     ###     ######  ########
     ##        ##  ##     ## ##       ##     ##  ##   ##  ##       ##
     ######    ##  ########  ######   ########  #########  ######  ######
     ##        ##  ##    ##  ##       ##     ## ##     ##       ## ##
     ##       #### ##     ## ######## ########  ##     ##  ######  ########

You're about to initialize a Firebase project in this directory:

  C:\Users\masterofdoom\code_projects\web_dev\grading

[debug] [2022-10-08T03:00:19.555Z] <<< [apiv2][status] GET https://firebase-public.firebaseio.com/cli.json 200
[debug] [2022-10-08T03:00:19.555Z] <<< [apiv2][body] GET https://firebase-public.firebaseio.com/cli.json {"cloudBuildErrorAfter":1594252800000,"cloudBuildWarnAfter":1590019200000,"defaultNode10After":1594252800000,"minVersion":"3.0.5","node8DeploysDisabledAfter":1613390400000,"node8RuntimeDisabledAfter":1615809600000,"node8WarnAfter":1600128000000}
[info] 
=== Project Setup
[info] 
[info] First, let's associate this project directory with a Firebase project.
[info] You can create multiple project aliases by running firebase use --add, 
[info] but for now we'll just set up a default project.
[info] 
